# JRE version: OpenJDK Runtime Environment (11.0.11+9) (build 11.0.11+9-b60-7590822)
# Java VM: OpenJDK 64-Bit Server VM (11.0.11+9-b60-7590822, mixed mode, tiered, compressed oops, g1 gc, windows-amd64)
Heap:
 garbage-first heap   total 586752K, used 225558K [0x0000000080000000, 0x0000000100000000)
  region size 1024K, 6 young (6144K), 6 survivors (6144K)
 Metaspace       used 105043K, capacity 108089K, committed 109488K, reserved 1142784K
  class space    used 13789K, capacity 14945K, committed 15640K, reserved 1048576K
GC Heap History (20 events):
Event: 6.642 GC heap after
{Heap after GC invocations=19 (full 0):
 garbage-first heap   total 312320K, used 159744K [0x0000000080000000, 0x0000000100000000)
  region size 1024K, 8 young (8192K), 8 survivors (8192K)
 Metaspace       used 102813K, capacity 106128K, committed 106416K, reserved 1140736K
  class space    used 13718K, capacity 15091K, committed 15128K, reserved 1048576K
}
Event: 6.657 GC heap before
{Heap before GC invocations=19 (full 0):
 garbage-first heap   total 312320K, used 166912K [0x0000000080000000, 0x0000000100000000)
  region size 1024K, 15 young (15360K), 8 survivors (8192K)
 Metaspace       used 103167K, capacity 106476K, committed 106800K, reserved 1140736K
  class space    used 13783K, capacity 15165K, committed 15256K, reserved 1048576K
}
Event: 6.663 GC heap after
{Heap after GC invocations=20 (full 0):
 garbage-first heap   total 312320K, used 162701K [0x0000000080000000, 0x0000000100000000)
  region size 1024K, 2 young (2048K), 2 survivors (2048K)
 Metaspace       used 103167K, capacity 106476K, committed 106800K, reserved 1140736K
  class space    used 13783K, capacity 15165K, committed 15256K, reserved 1048576K
}
Event: 6.800 GC heap before
{Heap before GC invocations=20 (full 0):
 garbage-first heap   total 312320K, used 225165K [0x0000000080000000, 0x0000000100000000)
  region size 1024K, 64 young (65536K), 2 survivors (2048K)
 Metaspace       used 104671K, capacity 108159K, committed 108336K, reserved 1142784K
  class space    used 14057K, capacity 15466K, committed 15512K, reserved 1048576K
}
Event: 6.811 GC heap after
{Heap after GC invocations=21 (full 0):
 garbage-first heap   total 312320K, used 182996K [0x0000000080000000, 0x0000000100000000)
  region size 1024K, 8 young (8192K), 8 survivors (8192K)
 Metaspace       used 104671K, capacity 108159K, committed 108336K, reserved 1142784K
  class space    used 14057K, capacity 15466K, committed 15512K, reserved 1048576K
}
Event: 6.915 GC heap before
{Heap before GC invocations=21 (full 0):
 garbage-first heap   total 312320K, used 235220K [0x0000000080000000, 0x0000000100000000)
  region size 1024K, 60 young (61440K), 8 survivors (8192K)
 Metaspace       used 103752K, capacity 106597K, committed 108592K, reserved 1142784K
  class space    used 13677K, capacity 14775K, committed 15512K, reserved 1048576K
}
Event: 6.929 GC heap after
{Heap after GC invocations=22 (full 0):
 garbage-first heap   total 312320K, used 207587K [0x0000000080000000, 0x0000000100000000)
  region size 1024K, 8 young (8192K), 8 survivors (8192K)
 Metaspace       used 103752K, capacity 106597K, committed 108592K, reserved 1142784K
  class space    used 13677K, capacity 14775K, committed 15512K, reserved 1048576K
}
Event: 7.043 GC heap before
{Heap before GC invocations=23 (full 0):
 garbage-first heap   total 312320K, used 245475K [0x0000000080000000, 0x0000000100000000)
  region size 1024K, 46 young (47104K), 8 survivors (8192K)
 Metaspace       used 104015K, capacity 106953K, committed 108976K, reserved 1142784K
  class space    used 13706K, capacity 14823K, committed 15640K, reserved 1048576K
}
Event: 7.053 GC heap after
{Heap after GC invocations=24 (full 0):
 garbage-first heap   total 312320K, used 225691K [0x0000000080000000, 0x0000000100000000)
  region size 1024K, 6 young (6144K), 6 survivors (6144K)
 Metaspace       used 104015K, capacity 106953K, committed 108976K, reserved 1142784K
  class space    used 13706K, capacity 14823K, committed 15640K, reserved 1048576K
}
Event: 7.064 GC heap before
{Heap before GC invocations=24 (full 0):
 garbage-first heap   total 312320K, used 233883K [0x0000000080000000, 0x0000000100000000)
  region size 1024K, 15 young (15360K), 6 survivors (6144K)
 Metaspace       used 104061K, capacity 106977K, committed 108976K, reserved 1142784K
  class space    used 13712K, capacity 14828K, committed 15640K, reserved 1048576K
}
Event: 7.069 GC heap after
{Heap after GC invocations=25 (full 0):
 garbage-first heap   total 374784K, used 225080K [0x0000000080000000, 0x0000000100000000)
  region size 1024K, 2 young (2048K), 2 survivors (2048K)
 Metaspace       used 104061K, capacity 106977K, committed 108976K, reserved 1142784K
  class space    used 13712K, capacity 14828K, committed 15640K, reserved 1048576K
}
Event: 7.172 GC heap before
{Heap before GC invocations=25 (full 0):
 garbage-first heap   total 374784K, used 277304K [0x0000000080000000, 0x0000000100000000)
  region size 1024K, 54 young (55296K), 2 survivors (2048K)
 Metaspace       used 104321K, capacity 107229K, committed 108976K, reserved 1142784K
  class space    used 13727K, capacity 14848K, committed 15640K, reserved 1048576K
}
Event: 7.191 GC heap after
{Heap after GC invocations=26 (full 0):
 garbage-first heap   total 374784K, used 235829K [0x0000000080000000, 0x0000000100000000)
  region size 1024K, 7 young (7168K), 7 survivors (7168K)
 Metaspace       used 104321K, capacity 107229K, committed 108976K, reserved 1142784K
  class space    used 13727K, capacity 14848K, committed 15640K, reserved 1048576K
}
Event: 7.459 GC heap before
{Heap before GC invocations=27 (full 0):
 garbage-first heap   total 374784K, used 275765K [0x0000000080000000, 0x0000000100000000)
  region size 1024K, 57 young (58368K), 7 survivors (7168K)
 Metaspace       used 104805K, capacity 107807K, committed 109232K, reserved 1142784K
  class space    used 13788K, capacity 14945K, committed 15640K, reserved 1048576K
}
Event: 7.465 GC heap after
{Heap after GC invocations=28 (full 0):
 garbage-first heap   total 374784K, used 223189K [0x0000000080000000, 0x0000000100000000)
  region size 1024K, 6 young (6144K), 6 survivors (6144K)
 Metaspace       used 104805K, capacity 107807K, committed 109232K, reserved 1142784K
  class space    used 13788K, capacity 14945K, committed 15640K, reserved 1048576K
}
Event: 7.478 GC heap before
{Heap before GC invocations=28 (full 0):
 garbage-first heap   total 374784K, used 235477K [0x0000000080000000, 0x0000000100000000)
  region size 1024K, 18 young (18432K), 6 survivors (6144K)
 Metaspace       used 104805K, capacity 107807K, committed 109232K, reserved 1142784K
  class space    used 13788K, capacity 14945K, committed 15640K, reserved 1048576K
}
Event: 7.487 GC heap after
{Heap after GC invocations=29 (full 0):
 garbage-first heap   total 374784K, used 204119K [0x0000000080000000, 0x0000000100000000)
  region size 1024K, 1 young (1024K), 1 survivors (1024K)
 Metaspace       used 104805K, capacity 107807K, committed 109232K, reserved 1142784K
  class space    used 13788K, capacity 14945K, committed 15640K, reserved 1048576K
}
Event: 7.704 GC heap before
{Heap before GC invocations=29 (full 0):
 garbage-first heap   total 374784K, used 277847K [0x0000000080000000, 0x0000000100000000)
  region size 1024K, 66 young (67584K), 1 survivors (1024K)
 Metaspace       used 104901K, capacity 107953K, committed 109488K, reserved 1142784K
  class space    used 13792K, capacity 14949K, committed 15640K, reserved 1048576K
}
Event: 7.710 GC heap after
{Heap after GC invocations=30 (full 0):
 garbage-first heap   total 374784K, used 216174K [0x0000000080000000, 0x0000000100000000)
  region size 1024K, 6 young (6144K), 6 survivors (6144K)
 Metaspace       used 104901K, capacity 107953K, committed 109488K, reserved 1142784K
  class space    used 13792K, capacity 14949K, committed 15640K, reserved 1048576K
}
Event: 8.049 GC heap before
{Heap before GC invocations=31 (full 0):
 garbage-first heap   total 374784K, used 284782K [0x0000000080000000, 0x0000000100000000)
  region size 1024K, 70 young (71680K), 6 survivors (6144K)
 Metaspace       used 105043K, capacity 108089K, committed 109488K, reserved 1142784K
  class space    used 13789K, capacity 14945K, committed 15640K, reserved 1048576K
}

